This file contains any messages produced by compilers while
running configure, to aid debugging if configure makes a mistake.

It was created by Logstalgia configure 1.0.6, which was
generated by GNU Autoconf 2.69.  Invocation command line was

  $ ./configure 

## --------- ##
## Platform. ##
## --------- ##

hostname = Ed.local
uname -m = x86_64
uname -r = 16.4.0
uname -s = Darwin
uname -v = Darwin Kernel Version 16.4.0: Thu Dec 22 22:53:21 PST 2016; root:xnu-3789.41.3~3/RELEASE_X86_64

/usr/bin/uname -p = i386
/bin/uname -X     = unknown

/bin/arch              = unknown
/usr/bin/arch -k       = unknown
/usr/convex/getsysinfo = unknown
/usr/bin/hostinfo      = Mach kernel version:
	 Darwin Kernel Version 16.4.0: Thu Dec 22 22:53:21 PST 2016; root:xnu-3789.41.3~3/RELEASE_X86_64
Kernel configured for up to 8 processors.
4 processors are physically available.
8 processors are logically available.
Processor type: x86_64h (Intel x86-64h Haswell)
Processors active: 0 1 2 3 4 5 6 7
Primary memory available: 16.00 gigabytes
Default processor set: 374 tasks, 1887 threads, 8 processors
Load average: 2.45, Mach factor: 5.54
/bin/machine           = unknown
/usr/bin/oslevel       = unknown
/bin/universe          = unknown

PATH: /usr/local/bin
PATH: /usr/bin
PATH: /bin
PATH: /usr/sbin
PATH: /sbin
PATH: /opt/local/bin
PATH: /opt/local/sbin


## ----------- ##
## Core tests. ##
## ----------- ##

configure:2539: checking for a BSD-compatible install
configure:2607: result: /usr/local/bin/ginstall -c
configure:2618: checking whether build environment is sane
configure:2673: result: yes
configure:2824: checking for a thread-safe mkdir -p
configure:2863: result: /usr/local/bin/gmkdir -p
configure:2870: checking for gawk
configure:2900: result: no
configure:2870: checking for mawk
configure:2900: result: no
configure:2870: checking for nawk
configure:2900: result: no
configure:2870: checking for awk
configure:2886: found /usr/bin/awk
configure:2897: result: awk
configure:2908: checking whether make sets $(MAKE)
configure:2930: result: yes
configure:2959: checking whether make supports nested variables
configure:2976: result: yes
configure:3107: checking build system type
configure:3121: result: x86_64-apple-darwin16.4.0
configure:3141: checking host system type
configure:3154: result: x86_64-apple-darwin16.4.0
configure:3234: checking for g++
configure:3250: found /usr/bin/g++
configure:3261: result: g++
configure:3288: checking for C++ compiler version
configure:3297: g++ --version >&5
Apple LLVM version 8.0.0 (clang-800.0.42.1)
Target: x86_64-apple-darwin16.4.0
Thread model: posix
InstalledDir: /Applications/Xcode.app/Contents/Developer/Toolchains/XcodeDefault.xctoolchain/usr/bin
Configured with: --prefix=/Applications/Xcode.app/Contents/Developer/usr --with-gxx-include-dir=/usr/include/c++/4.2.1
configure:3308: $? = 0
configure:3297: g++ -v >&5
Configured with: --prefix=/Applications/Xcode.app/Contents/Developer/usr --with-gxx-include-dir=/usr/include/c++/4.2.1
Apple LLVM version 8.0.0 (clang-800.0.42.1)
Target: x86_64-apple-darwin16.4.0
Thread model: posix
InstalledDir: /Applications/Xcode.app/Contents/Developer/Toolchains/XcodeDefault.xctoolchain/usr/bin
configure:3308: $? = 0
configure:3297: g++ -V >&5
clang: error: argument to '-V' is missing (expected 1 value)
clang: error: no input files
configure:3308: $? = 1
configure:3297: g++ -qversion >&5
clang: error: unknown argument: '-qversion'
clang: error: no input files
configure:3308: $? = 1
configure:3328: checking whether the C++ compiler works
configure:3350: g++    conftest.cpp  >&5
configure:3354: $? = 0
configure:3402: result: yes
configure:3405: checking for C++ compiler default output file name
configure:3407: result: a.out
configure:3413: checking for suffix of executables
configure:3420: g++ -o conftest    conftest.cpp  >&5
configure:3424: $? = 0
configure:3446: result: 
configure:3468: checking whether we are cross compiling
configure:3476: g++ -o conftest    conftest.cpp  >&5
configure:3480: $? = 0
configure:3487: ./conftest
configure:3491: $? = 0
configure:3506: result: no
configure:3511: checking for suffix of object files
configure:3533: g++ -c   conftest.cpp >&5
configure:3537: $? = 0
configure:3558: result: o
configure:3562: checking whether we are using the GNU C++ compiler
configure:3581: g++ -c   conftest.cpp >&5
configure:3581: $? = 0
configure:3590: result: yes
configure:3599: checking whether g++ accepts -g
configure:3619: g++ -c -g  conftest.cpp >&5
configure:3619: $? = 0
configure:3660: result: yes
configure:3694: checking for style of include used by make
configure:3722: result: GNU
configure:3748: checking dependency style of g++
configure:3859: result: gcc3
configure:3899: checking how to run the C++ preprocessor
configure:3926: g++ -E  conftest.cpp
configure:3926: $? = 0
configure:3940: g++ -E  conftest.cpp
conftest.cpp:11:10: fatal error: 'ac_nonexistent.h' file not found
#include <ac_nonexistent.h>
         ^
1 error generated.
configure:3940: $? = 1
configure: failed program was:
| /* confdefs.h */
| #define PACKAGE_NAME "Logstalgia"
| #define PACKAGE_TARNAME "logstalgia"
| #define PACKAGE_VERSION "1.0.6"
| #define PACKAGE_STRING "Logstalgia 1.0.6"
| #define PACKAGE_BUGREPORT "acaudwell@gmail.com"
| #define PACKAGE_URL ""
| #define PACKAGE "logstalgia"
| #define VERSION "1.0.6"
| /* end confdefs.h.  */
| #include <ac_nonexistent.h>
configure:3965: result: g++ -E
configure:3985: g++ -E  conftest.cpp
configure:3985: $? = 0
configure:3999: g++ -E  conftest.cpp
conftest.cpp:11:10: fatal error: 'ac_nonexistent.h' file not found
#include <ac_nonexistent.h>
         ^
1 error generated.
configure:3999: $? = 1
configure: failed program was:
| /* confdefs.h */
| #define PACKAGE_NAME "Logstalgia"
| #define PACKAGE_TARNAME "logstalgia"
| #define PACKAGE_VERSION "1.0.6"
| #define PACKAGE_STRING "Logstalgia 1.0.6"
| #define PACKAGE_BUGREPORT "acaudwell@gmail.com"
| #define PACKAGE_URL ""
| #define PACKAGE "logstalgia"
| #define VERSION "1.0.6"
| /* end confdefs.h.  */
| #include <ac_nonexistent.h>
configure:4028: checking for X
configure:4206: result: disabled
configure:4221: checking for a sed that does not truncate output
configure:4285: result: /usr/local/bin/gsed
configure:4338: checking for gcc
configure:4354: found /usr/bin/gcc
configure:4365: result: gcc
configure:4594: checking for C compiler version
configure:4603: gcc --version >&5
Apple LLVM version 8.0.0 (clang-800.0.42.1)
Target: x86_64-apple-darwin16.4.0
Thread model: posix
InstalledDir: /Applications/Xcode.app/Contents/Developer/Toolchains/XcodeDefault.xctoolchain/usr/bin
Configured with: --prefix=/Applications/Xcode.app/Contents/Developer/usr --with-gxx-include-dir=/usr/include/c++/4.2.1
configure:4614: $? = 0
configure:4603: gcc -v >&5
Configured with: --prefix=/Applications/Xcode.app/Contents/Developer/usr --with-gxx-include-dir=/usr/include/c++/4.2.1
Apple LLVM version 8.0.0 (clang-800.0.42.1)
Target: x86_64-apple-darwin16.4.0
Thread model: posix
InstalledDir: /Applications/Xcode.app/Contents/Developer/Toolchains/XcodeDefault.xctoolchain/usr/bin
configure:4614: $? = 0
configure:4603: gcc -V >&5
clang: error: argument to '-V' is missing (expected 1 value)
clang: error: no input files
configure:4614: $? = 1
configure:4603: gcc -qversion >&5
clang: error: unknown argument: '-qversion'
clang: error: no input files
configure:4614: $? = 1
configure:4618: checking whether we are using the GNU C compiler
configure:4637: gcc -c   conftest.c >&5
configure:4637: $? = 0
configure:4646: result: yes
configure:4655: checking whether gcc accepts -g
configure:4675: gcc -c -g  conftest.c >&5
configure:4675: $? = 0
configure:4716: result: yes
configure:4733: checking for gcc option to accept ISO C89
configure:4796: gcc  -c -g -O2  conftest.c >&5
configure:4796: $? = 0
configure:4809: result: none needed
configure:4834: checking whether gcc understands -c and -o together
configure:4856: gcc -c conftest.c -o conftest2.o
configure:4859: $? = 0
configure:4856: gcc -c conftest.c -o conftest2.o
configure:4859: $? = 0
configure:4871: result: yes
configure:4890: checking dependency style of gcc
configure:5001: result: gcc3
configure:5182: checking for the pthreads library -lpthreads
configure:5220: gcc -o conftest -g -O2    conftest.c -lpthreads  >&5
ld: library not found for -lpthreads
clang: error: linker command failed with exit code 1 (use -v to see invocation)
configure:5220: $? = 1
configure: failed program was:
| /* confdefs.h */
| #define PACKAGE_NAME "Logstalgia"
| #define PACKAGE_TARNAME "logstalgia"
| #define PACKAGE_VERSION "1.0.6"
| #define PACKAGE_STRING "Logstalgia 1.0.6"
| #define PACKAGE_BUGREPORT "acaudwell@gmail.com"
| #define PACKAGE_URL ""
| #define PACKAGE "logstalgia"
| #define VERSION "1.0.6"
| /* end confdefs.h.  */
| #include <pthread.h>
| 	             static void routine(void* a) {a=0;}
| 	             static void* start_routine(void* a) {return a;}
| int
| main ()
| {
| pthread_t th; pthread_attr_t attr;
|                      pthread_join(th, 0);
|                      pthread_attr_init(&attr);
|                      pthread_cleanup_push(routine, 0);
|                      pthread_create(&th,0,start_routine,0);
|                      pthread_cleanup_pop(0);
|   ;
|   return 0;
| }
configure:5229: result: no
configure:5127: checking whether pthreads work without any flags
configure:5220: gcc -o conftest -g -O2    conftest.c   >&5
configure:5220: $? = 0
configure:5229: result: yes
configure:5248: checking for joinable pthread attribute
configure:5263: gcc -o conftest -g -O2    conftest.c   >&5
configure:5263: $? = 0
configure:5269: result: PTHREAD_CREATE_JOINABLE
configure:5279: checking if more special flags are required for pthreads
configure:5286: result: -D_THREAD_SAFE
configure:5373: checking how to run the C preprocessor
configure:5404: gcc -E  conftest.c
configure:5404: $? = 0
configure:5418: gcc -E  conftest.c
conftest.c:12:10: fatal error: 'ac_nonexistent.h' file not found
#include <ac_nonexistent.h>
         ^
1 error generated.
configure:5418: $? = 1
configure: failed program was:
| /* confdefs.h */
| #define PACKAGE_NAME "Logstalgia"
| #define PACKAGE_TARNAME "logstalgia"
| #define PACKAGE_VERSION "1.0.6"
| #define PACKAGE_STRING "Logstalgia 1.0.6"
| #define PACKAGE_BUGREPORT "acaudwell@gmail.com"
| #define PACKAGE_URL ""
| #define PACKAGE "logstalgia"
| #define VERSION "1.0.6"
| #define HAVE_PTHREAD 1
| /* end confdefs.h.  */
| #include <ac_nonexistent.h>
configure:5443: result: gcc -E
configure:5463: gcc -E  conftest.c
configure:5463: $? = 0
configure:5477: gcc -E  conftest.c
conftest.c:12:10: fatal error: 'ac_nonexistent.h' file not found
#include <ac_nonexistent.h>
         ^
1 error generated.
configure:5477: $? = 1
configure: failed program was:
| /* confdefs.h */
| #define PACKAGE_NAME "Logstalgia"
| #define PACKAGE_TARNAME "logstalgia"
| #define PACKAGE_VERSION "1.0.6"
| #define PACKAGE_STRING "Logstalgia 1.0.6"
| #define PACKAGE_BUGREPORT "acaudwell@gmail.com"
| #define PACKAGE_URL ""
| #define PACKAGE "logstalgia"
| #define VERSION "1.0.6"
| #define HAVE_PTHREAD 1
| /* end confdefs.h.  */
| #include <ac_nonexistent.h>
configure:5506: checking for grep that handles long lines and -e
configure:5564: result: /usr/bin/grep
configure:5569: checking for egrep
configure:5631: result: /usr/bin/grep -E
configure:5636: checking for ANSI C header files
configure:5656: gcc -c -g -O2  conftest.c >&5
configure:5656: $? = 0
configure:5729: gcc -o conftest -g -O2   conftest.c  >&5
configure:5729: $? = 0
configure:5729: ./conftest
configure:5729: $? = 0
configure:5740: result: yes
configure:5753: checking for sys/types.h
configure:5753: gcc -c -g -O2  conftest.c >&5
configure:5753: $? = 0
configure:5753: result: yes
configure:5753: checking for sys/stat.h
configure:5753: gcc -c -g -O2  conftest.c >&5
configure:5753: $? = 0
configure:5753: result: yes
configure:5753: checking for stdlib.h
configure:5753: gcc -c -g -O2  conftest.c >&5
configure:5753: $? = 0
configure:5753: result: yes
configure:5753: checking for string.h
configure:5753: gcc -c -g -O2  conftest.c >&5
configure:5753: $? = 0
configure:5753: result: yes
configure:5753: checking for memory.h
configure:5753: gcc -c -g -O2  conftest.c >&5
configure:5753: $? = 0
configure:5753: result: yes
configure:5753: checking for strings.h
configure:5753: gcc -c -g -O2  conftest.c >&5
configure:5753: $? = 0
configure:5753: result: yes
configure:5753: checking for inttypes.h
configure:5753: gcc -c -g -O2  conftest.c >&5
configure:5753: $? = 0
configure:5753: result: yes
configure:5753: checking for stdint.h
configure:5753: gcc -c -g -O2  conftest.c >&5
configure:5753: $? = 0
configure:5753: result: yes
configure:5753: checking for unistd.h
configure:5753: gcc -c -g -O2  conftest.c >&5
configure:5753: $? = 0
configure:5753: result: yes
configure:5772: checking whether we are using the Microsoft C compiler
configure:5791: gcc -c -g -O2  conftest.c >&5
conftest.c:27:8: error: use of undeclared identifier 'choke'
       choke me
       ^
1 error generated.
configure:5791: $? = 1
configure: failed program was:
| /* confdefs.h */
| #define PACKAGE_NAME "Logstalgia"
| #define PACKAGE_TARNAME "logstalgia"
| #define PACKAGE_VERSION "1.0.6"
| #define PACKAGE_STRING "Logstalgia 1.0.6"
| #define PACKAGE_BUGREPORT "acaudwell@gmail.com"
| #define PACKAGE_URL ""
| #define PACKAGE "logstalgia"
| #define VERSION "1.0.6"
| #define HAVE_PTHREAD 1
| #define STDC_HEADERS 1
| #define HAVE_SYS_TYPES_H 1
| #define HAVE_SYS_STAT_H 1
| #define HAVE_STDLIB_H 1
| #define HAVE_STRING_H 1
| #define HAVE_MEMORY_H 1
| #define HAVE_STRINGS_H 1
| #define HAVE_INTTYPES_H 1
| #define HAVE_STDINT_H 1
| #define HAVE_UNISTD_H 1
| /* end confdefs.h.  */
| 
| int
| main ()
| {
| #ifndef _MSC_VER
|        choke me
| #endif
| 
|   ;
|   return 0;
| }
configure:5800: result: no
configure:5816: checking windows.h usability
configure:5816: gcc -c -g -O2  conftest.c >&5
conftest.c:55:10: fatal error: 'windows.h' file not found
#include <windows.h>
         ^
1 error generated.
configure:5816: $? = 1
configure: failed program was:
| /* confdefs.h */
| #define PACKAGE_NAME "Logstalgia"
| #define PACKAGE_TARNAME "logstalgia"
| #define PACKAGE_VERSION "1.0.6"
| #define PACKAGE_STRING "Logstalgia 1.0.6"
| #define PACKAGE_BUGREPORT "acaudwell@gmail.com"
| #define PACKAGE_URL ""
| #define PACKAGE "logstalgia"
| #define VERSION "1.0.6"
| #define HAVE_PTHREAD 1
| #define STDC_HEADERS 1
| #define HAVE_SYS_TYPES_H 1
| #define HAVE_SYS_STAT_H 1
| #define HAVE_STDLIB_H 1
| #define HAVE_STRING_H 1
| #define HAVE_MEMORY_H 1
| #define HAVE_STRINGS_H 1
| #define HAVE_INTTYPES_H 1
| #define HAVE_STDINT_H 1
| #define HAVE_UNISTD_H 1
| /* end confdefs.h.  */
| #include <stdio.h>
| #ifdef HAVE_SYS_TYPES_H
| # include <sys/types.h>
| #endif
| #ifdef HAVE_SYS_STAT_H
| # include <sys/stat.h>
| #endif
| #ifdef STDC_HEADERS
| # include <stdlib.h>
| # include <stddef.h>
| #else
| # ifdef HAVE_STDLIB_H
| #  include <stdlib.h>
| # endif
| #endif
| #ifdef HAVE_STRING_H
| # if !defined STDC_HEADERS && defined HAVE_MEMORY_H
| #  include <memory.h>
| # endif
| # include <string.h>
| #endif
| #ifdef HAVE_STRINGS_H
| # include <strings.h>
| #endif
| #ifdef HAVE_INTTYPES_H
| # include <inttypes.h>
| #endif
| #ifdef HAVE_STDINT_H
| # include <stdint.h>
| #endif
| #ifdef HAVE_UNISTD_H
| # include <unistd.h>
| #endif
| #include <windows.h>
configure:5816: result: no
configure:5816: checking windows.h presence
configure:5816: gcc -E  conftest.c
conftest.c:22:10: fatal error: 'windows.h' file not found
#include <windows.h>
         ^
1 error generated.
configure:5816: $? = 1
configure: failed program was:
| /* confdefs.h */
| #define PACKAGE_NAME "Logstalgia"
| #define PACKAGE_TARNAME "logstalgia"
| #define PACKAGE_VERSION "1.0.6"
| #define PACKAGE_STRING "Logstalgia 1.0.6"
| #define PACKAGE_BUGREPORT "acaudwell@gmail.com"
| #define PACKAGE_URL ""
| #define PACKAGE "logstalgia"
| #define VERSION "1.0.6"
| #define HAVE_PTHREAD 1
| #define STDC_HEADERS 1
| #define HAVE_SYS_TYPES_H 1
| #define HAVE_SYS_STAT_H 1
| #define HAVE_STDLIB_H 1
| #define HAVE_STRING_H 1
| #define HAVE_MEMORY_H 1
| #define HAVE_STRINGS_H 1
| #define HAVE_INTTYPES_H 1
| #define HAVE_STDINT_H 1
| #define HAVE_UNISTD_H 1
| /* end confdefs.h.  */
| #include <windows.h>
configure:5816: result: no
configure:5816: checking for windows.h
configure:5816: result: no
configure:5832: checking for GL/gl.h
configure:5832: gcc -c -g -O2 -D_THREAD_SAFE   conftest.c >&5
conftest.c:28:10: fatal error: 'GL/gl.h' file not found
#include <GL/gl.h>
         ^
1 error generated.
configure:5832: $? = 1
configure: failed program was:
| /* confdefs.h */
| #define PACKAGE_NAME "Logstalgia"
| #define PACKAGE_TARNAME "logstalgia"
| #define PACKAGE_VERSION "1.0.6"
| #define PACKAGE_STRING "Logstalgia 1.0.6"
| #define PACKAGE_BUGREPORT "acaudwell@gmail.com"
| #define PACKAGE_URL ""
| #define PACKAGE "logstalgia"
| #define VERSION "1.0.6"
| #define HAVE_PTHREAD 1
| #define STDC_HEADERS 1
| #define HAVE_SYS_TYPES_H 1
| #define HAVE_SYS_STAT_H 1
| #define HAVE_STDLIB_H 1
| #define HAVE_STRING_H 1
| #define HAVE_MEMORY_H 1
| #define HAVE_STRINGS_H 1
| #define HAVE_INTTYPES_H 1
| #define HAVE_STDINT_H 1
| #define HAVE_UNISTD_H 1
| /* end confdefs.h.  */
| 
| # if defined(HAVE_WINDOWS_H) && defined(_WIN32)
| #   include <windows.h>
| # endif
| 
| 
| #include <GL/gl.h>
configure:5832: result: no
configure:5832: checking for OpenGL/gl.h
configure:5832: gcc -c -g -O2 -D_THREAD_SAFE   conftest.c >&5
configure:5832: $? = 0
configure:5832: result: yes
configure:5853: checking for OpenGL library
configure:5900: gcc -o conftest -g -O2  -D_THREAD_SAFE    conftest.c -lopengl32  >&5
ld: library not found for -lopengl32
clang: error: linker command failed with exit code 1 (use -v to see invocation)
configure:5900: $? = 1
configure: failed program was:
| /* confdefs.h */
| #define PACKAGE_NAME "Logstalgia"
| #define PACKAGE_TARNAME "logstalgia"
| #define PACKAGE_VERSION "1.0.6"
| #define PACKAGE_STRING "Logstalgia 1.0.6"
| #define PACKAGE_BUGREPORT "acaudwell@gmail.com"
| #define PACKAGE_URL ""
| #define PACKAGE "logstalgia"
| #define VERSION "1.0.6"
| #define HAVE_PTHREAD 1
| #define STDC_HEADERS 1
| #define HAVE_SYS_TYPES_H 1
| #define HAVE_SYS_STAT_H 1
| #define HAVE_STDLIB_H 1
| #define HAVE_STRING_H 1
| #define HAVE_MEMORY_H 1
| #define HAVE_STRINGS_H 1
| #define HAVE_INTTYPES_H 1
| #define HAVE_STDINT_H 1
| #define HAVE_UNISTD_H 1
| #define HAVE_OPENGL_GL_H 1
| /* end confdefs.h.  */
| 
| # if defined(HAVE_WINDOWS_H) && defined(_WIN32)
| #   include <windows.h>
| # endif
| # ifdef HAVE_GL_GL_H
| #   include <GL/gl.h>
| # elif defined(HAVE_OPENGL_GL_H)
| #   include <OpenGL/gl.h>
| # else
| #   error no gl.h
| # endif
| int
| main ()
| {
| glBegin(0)
|   ;
|   return 0;
| }
configure:5926: gcc -o conftest -g -O2  -D_THREAD_SAFE    -L/usr/lib64/nvidia conftest.c -lopengl32  >&5
ld: warning: directory not found for option '-L/usr/lib64/nvidia'
ld: library not found for -lopengl32
clang: error: linker command failed with exit code 1 (use -v to see invocation)
configure:5926: $? = 1
configure: failed program was:
| /* confdefs.h */
| #define PACKAGE_NAME "Logstalgia"
| #define PACKAGE_TARNAME "logstalgia"
| #define PACKAGE_VERSION "1.0.6"
| #define PACKAGE_STRING "Logstalgia 1.0.6"
| #define PACKAGE_BUGREPORT "acaudwell@gmail.com"
| #define PACKAGE_URL ""
| #define PACKAGE "logstalgia"
| #define VERSION "1.0.6"
| #define HAVE_PTHREAD 1
| #define STDC_HEADERS 1
| #define HAVE_SYS_TYPES_H 1
| #define HAVE_SYS_STAT_H 1
| #define HAVE_STDLIB_H 1
| #define HAVE_STRING_H 1
| #define HAVE_MEMORY_H 1
| #define HAVE_STRINGS_H 1
| #define HAVE_INTTYPES_H 1
| #define HAVE_STDINT_H 1
| #define HAVE_UNISTD_H 1
| #define HAVE_OPENGL_GL_H 1
| /* end confdefs.h.  */
| 
| # if defined(HAVE_WINDOWS_H) && defined(_WIN32)
| #   include <windows.h>
| # endif
| # ifdef HAVE_GL_GL_H
| #   include <GL/gl.h>
| # elif defined(HAVE_OPENGL_GL_H)
| #   include <OpenGL/gl.h>
| # else
| #   error no gl.h
| # endif
| int
| main ()
| {
| glBegin(0)
|   ;
|   return 0;
| }
configure:5952: gcc -o conftest -g -O2  -D_THREAD_SAFE    -dylib_file /System/Library/Frameworks/OpenGL.framework/Versions/A/Libraries/libGL.dylib:/System/Library/Frameworks/OpenGL.framework/Versions/A/Libraries/libGL.dylib conftest.c -lopengl32  >&5
ld: library not found for -lopengl32
clang: error: linker command failed with exit code 1 (use -v to see invocation)
configure:5952: $? = 1
configure: failed program was:
| /* confdefs.h */
| #define PACKAGE_NAME "Logstalgia"
| #define PACKAGE_TARNAME "logstalgia"
| #define PACKAGE_VERSION "1.0.6"
| #define PACKAGE_STRING "Logstalgia 1.0.6"
| #define PACKAGE_BUGREPORT "acaudwell@gmail.com"
| #define PACKAGE_URL ""
| #define PACKAGE "logstalgia"
| #define VERSION "1.0.6"
| #define HAVE_PTHREAD 1
| #define STDC_HEADERS 1
| #define HAVE_SYS_TYPES_H 1
| #define HAVE_SYS_STAT_H 1
| #define HAVE_STDLIB_H 1
| #define HAVE_STRING_H 1
| #define HAVE_MEMORY_H 1
| #define HAVE_STRINGS_H 1
| #define HAVE_INTTYPES_H 1
| #define HAVE_STDINT_H 1
| #define HAVE_UNISTD_H 1
| #define HAVE_OPENGL_GL_H 1
| /* end confdefs.h.  */
| 
| # if defined(HAVE_WINDOWS_H) && defined(_WIN32)
| #   include <windows.h>
| # endif
| # ifdef HAVE_GL_GL_H
| #   include <GL/gl.h>
| # elif defined(HAVE_OPENGL_GL_H)
| #   include <OpenGL/gl.h>
| # else
| #   error no gl.h
| # endif
| int
| main ()
| {
| glBegin(0)
|   ;
|   return 0;
| }
configure:5900: gcc -o conftest -g -O2  -D_THREAD_SAFE    conftest.c -lGL  >&5
ld: library not found for -lGL
clang: error: linker command failed with exit code 1 (use -v to see invocation)
configure:5900: $? = 1
configure: failed program was:
| /* confdefs.h */
| #define PACKAGE_NAME "Logstalgia"
| #define PACKAGE_TARNAME "logstalgia"
| #define PACKAGE_VERSION "1.0.6"
| #define PACKAGE_STRING "Logstalgia 1.0.6"
| #define PACKAGE_BUGREPORT "acaudwell@gmail.com"
| #define PACKAGE_URL ""
| #define PACKAGE "logstalgia"
| #define VERSION "1.0.6"
| #define HAVE_PTHREAD 1
| #define STDC_HEADERS 1
| #define HAVE_SYS_TYPES_H 1
| #define HAVE_SYS_STAT_H 1
| #define HAVE_STDLIB_H 1
| #define HAVE_STRING_H 1
| #define HAVE_MEMORY_H 1
| #define HAVE_STRINGS_H 1
| #define HAVE_INTTYPES_H 1
| #define HAVE_STDINT_H 1
| #define HAVE_UNISTD_H 1
| #define HAVE_OPENGL_GL_H 1
| /* end confdefs.h.  */
| 
| # if defined(HAVE_WINDOWS_H) && defined(_WIN32)
| #   include <windows.h>
| # endif
| # ifdef HAVE_GL_GL_H
| #   include <GL/gl.h>
| # elif defined(HAVE_OPENGL_GL_H)
| #   include <OpenGL/gl.h>
| # else
| #   error no gl.h
| # endif
| int
| main ()
| {
| glBegin(0)
|   ;
|   return 0;
| }
configure:5926: gcc -o conftest -g -O2  -D_THREAD_SAFE    -L/usr/lib64/nvidia conftest.c -lGL  >&5
ld: warning: directory not found for option '-L/usr/lib64/nvidia'
ld: library not found for -lGL
clang: error: linker command failed with exit code 1 (use -v to see invocation)
configure:5926: $? = 1
configure: failed program was:
| /* confdefs.h */
| #define PACKAGE_NAME "Logstalgia"
| #define PACKAGE_TARNAME "logstalgia"
| #define PACKAGE_VERSION "1.0.6"
| #define PACKAGE_STRING "Logstalgia 1.0.6"
| #define PACKAGE_BUGREPORT "acaudwell@gmail.com"
| #define PACKAGE_URL ""
| #define PACKAGE "logstalgia"
| #define VERSION "1.0.6"
| #define HAVE_PTHREAD 1
| #define STDC_HEADERS 1
| #define HAVE_SYS_TYPES_H 1
| #define HAVE_SYS_STAT_H 1
| #define HAVE_STDLIB_H 1
| #define HAVE_STRING_H 1
| #define HAVE_MEMORY_H 1
| #define HAVE_STRINGS_H 1
| #define HAVE_INTTYPES_H 1
| #define HAVE_STDINT_H 1
| #define HAVE_UNISTD_H 1
| #define HAVE_OPENGL_GL_H 1
| /* end confdefs.h.  */
| 
| # if defined(HAVE_WINDOWS_H) && defined(_WIN32)
| #   include <windows.h>
| # endif
| # ifdef HAVE_GL_GL_H
| #   include <GL/gl.h>
| # elif defined(HAVE_OPENGL_GL_H)
| #   include <OpenGL/gl.h>
| # else
| #   error no gl.h
| # endif
| int
| main ()
| {
| glBegin(0)
|   ;
|   return 0;
| }
configure:5952: gcc -o conftest -g -O2  -D_THREAD_SAFE    -dylib_file /System/Library/Frameworks/OpenGL.framework/Versions/A/Libraries/libGL.dylib:/System/Library/Frameworks/OpenGL.framework/Versions/A/Libraries/libGL.dylib conftest.c -lGL  >&5
ld: library not found for -lGL
clang: error: linker command failed with exit code 1 (use -v to see invocation)
configure:5952: $? = 1
configure: failed program was:
| /* confdefs.h */
| #define PACKAGE_NAME "Logstalgia"
| #define PACKAGE_TARNAME "logstalgia"
| #define PACKAGE_VERSION "1.0.6"
| #define PACKAGE_STRING "Logstalgia 1.0.6"
| #define PACKAGE_BUGREPORT "acaudwell@gmail.com"
| #define PACKAGE_URL ""
| #define PACKAGE "logstalgia"
| #define VERSION "1.0.6"
| #define HAVE_PTHREAD 1
| #define STDC_HEADERS 1
| #define HAVE_SYS_TYPES_H 1
| #define HAVE_SYS_STAT_H 1
| #define HAVE_STDLIB_H 1
| #define HAVE_STRING_H 1
| #define HAVE_MEMORY_H 1
| #define HAVE_STRINGS_H 1
| #define HAVE_INTTYPES_H 1
| #define HAVE_STDINT_H 1
| #define HAVE_UNISTD_H 1
| #define HAVE_OPENGL_GL_H 1
| /* end confdefs.h.  */
| 
| # if defined(HAVE_WINDOWS_H) && defined(_WIN32)
| #   include <windows.h>
| # endif
| # ifdef HAVE_GL_GL_H
| #   include <GL/gl.h>
| # elif defined(HAVE_OPENGL_GL_H)
| #   include <OpenGL/gl.h>
| # else
| #   error no gl.h
| # endif
| int
| main ()
| {
| glBegin(0)
|   ;
|   return 0;
| }
configure:6029: gcc -o conftest -g -O2  -D_THREAD_SAFE   -framework OpenGL conftest.c  >&5
configure:6029: $? = 0
configure:6039: result: -framework OpenGL
configure:6064: checking for GL/glu.h
configure:6064: g++ -c -g -O2 -D_THREAD_SAFE   conftest.cpp >&5
conftest.cpp:29:10: fatal error: 'GL/glu.h' file not found
#include <GL/glu.h>
         ^
1 error generated.
configure:6064: $? = 1
configure: failed program was:
| /* confdefs.h */
| #define PACKAGE_NAME "Logstalgia"
| #define PACKAGE_TARNAME "logstalgia"
| #define PACKAGE_VERSION "1.0.6"
| #define PACKAGE_STRING "Logstalgia 1.0.6"
| #define PACKAGE_BUGREPORT "acaudwell@gmail.com"
| #define PACKAGE_URL ""
| #define PACKAGE "logstalgia"
| #define VERSION "1.0.6"
| #define HAVE_PTHREAD 1
| #define STDC_HEADERS 1
| #define HAVE_SYS_TYPES_H 1
| #define HAVE_SYS_STAT_H 1
| #define HAVE_STDLIB_H 1
| #define HAVE_STRING_H 1
| #define HAVE_MEMORY_H 1
| #define HAVE_STRINGS_H 1
| #define HAVE_INTTYPES_H 1
| #define HAVE_STDINT_H 1
| #define HAVE_UNISTD_H 1
| #define HAVE_OPENGL_GL_H 1
| /* end confdefs.h.  */
| 
| # if defined(HAVE_WINDOWS_H) && defined(_WIN32)
| #   include <windows.h>
| # endif
| 
| 
| #include <GL/glu.h>
configure:6064: result: no
configure:6064: checking for OpenGL/glu.h
configure:6064: g++ -c -g -O2 -D_THREAD_SAFE   conftest.cpp >&5
configure:6064: $? = 0
configure:6064: result: yes
configure:6083: checking for OpenGL Utility library
configure:6140: g++ -o conftest -g -O2 -D_THREAD_SAFE    -framework OpenGL  conftest.cpp  >&5
conftest.cpp:38:1: warning: 'gluBeginCurve' is deprecated: first deprecated in macOS 10.9 [-Wdeprecated-declarations]
gluBeginCurve(0)
^
/System/Library/Frameworks/OpenGL.framework/Headers/glu.h:240:13: note: 'gluBeginCurve' has been explicitly marked deprecated here
extern void gluBeginCurve (GLUnurbs* nurb) OPENGL_DEPRECATED(10_0, 10_9);
            ^
1 warning generated.
configure:6140: $? = 0
configure:6201: result: yes
configure:6220: checking for varargs GLU tesselator callback function type
configure:6250: g++ -c -D_THREAD_SAFE  -g -O2  conftest.cpp >&5
conftest.cpp:33:22: error: no matching function for call to 'gluTessCallback'
GLvoid (*func)(...); gluTessCallback(0, 0, func)
                     ^~~~~~~~~~~~~~~
/System/Library/Frameworks/OpenGL.framework/Headers/glu.h:291:13: note: candidate function not viable: no known conversion from 'GLvoid (*)(...)' (aka 'void (*)(...)') to 'GLvoid (*)()' (aka 'void (*)()') for 3rd argument
extern void gluTessCallback (GLUtesselator* tess, GLenum which, GLvoid (*CallBackFunc)()) OPENGL_DEPRECATED(10_0, 10_9);
            ^
1 error generated.
configure:6250: $? = 1
configure: failed program was:
| /* confdefs.h */
| #define PACKAGE_NAME "Logstalgia"
| #define PACKAGE_TARNAME "logstalgia"
| #define PACKAGE_VERSION "1.0.6"
| #define PACKAGE_STRING "Logstalgia 1.0.6"
| #define PACKAGE_BUGREPORT "acaudwell@gmail.com"
| #define PACKAGE_URL ""
| #define PACKAGE "logstalgia"
| #define VERSION "1.0.6"
| #define HAVE_PTHREAD 1
| #define STDC_HEADERS 1
| #define HAVE_SYS_TYPES_H 1
| #define HAVE_SYS_STAT_H 1
| #define HAVE_STDLIB_H 1
| #define HAVE_STRING_H 1
| #define HAVE_MEMORY_H 1
| #define HAVE_STRINGS_H 1
| #define HAVE_INTTYPES_H 1
| #define HAVE_STDINT_H 1
| #define HAVE_UNISTD_H 1
| #define HAVE_OPENGL_GL_H 1
| #define HAVE_OPENGL_GLU_H 1
| /* end confdefs.h.  */
| 
| # ifdef HAVE_GL_GLU_H
| #   include <GL/glu.h>
| # else
| #   include <OpenGL/glu.h>
| # endif
| int
| main ()
| {
| GLvoid (*func)(...); gluTessCallback(0, 0, func)
|   ;
|   return 0;
| }
configure:6262: result: no
configure:6324: checking for pkg-config
configure:6342: found /usr/local/bin/pkg-config
configure:6354: result: /usr/local/bin/pkg-config
configure:6379: checking pkg-config is at least version 0.9.0
configure:6382: result: yes
configure:6393: checking for FT2
configure:6401: $PKG_CONFIG --exists --print-errors "freetype2 >= 9.0.3"
configure:6404: $? = 0
configure:6419: $PKG_CONFIG --exists --print-errors "freetype2 >= 9.0.3"
configure:6422: $? = 0
configure:6477: result: yes
configure:6483: checking for PCRE
configure:6491: $PKG_CONFIG --exists --print-errors "libpcre"
configure:6494: $? = 0
configure:6509: $PKG_CONFIG --exists --print-errors "libpcre"
configure:6512: $? = 0
configure:6567: result: yes
configure:6573: checking for GLEW
configure:6581: $PKG_CONFIG --exists --print-errors "glew"
configure:6584: $? = 0
configure:6599: $PKG_CONFIG --exists --print-errors "glew"
configure:6602: $? = 0
configure:6657: result: yes
configure:6664: checking for SDL2
configure:6672: $PKG_CONFIG --exists --print-errors "sdl2 SDL2_image"
configure:6675: $? = 0
configure:6690: $PKG_CONFIG --exists --print-errors "sdl2 SDL2_image"
configure:6693: $? = 0
configure:6729: result: yes
configure:6832: checking for PNG
configure:6840: $PKG_CONFIG --exists --print-errors "libpng >= 1.2"
configure:6843: $? = 0
configure:6858: $PKG_CONFIG --exists --print-errors "libpng >= 1.2"
configure:6861: $? = 0
configure:6916: result: yes
configure:6926: checking for IMG_LoadPNG_RW
configure:6926: g++ -o conftest -g -O2 -D_THREAD_SAFE  -D_THREAD_SAFE   -D_THREAD_SAFE  -D_THREAD_SAFE  -I/usr/local/opt/freetype/include/freetype2 -I/usr/local/Cellar/pcre/8.39/include -I/usr/local/Cellar/glew/2.0.0/include -D_THREAD_SAFE -I/usr/local/include/SDL2  -I/usr/local/Cellar/libpng/1.6.28/include/libpng16  conftest.cpp  -framework OpenGL   -L/usr/local/opt/freetype/lib -lfreetype -L/usr/local/Cellar/pcre/8.39/lib -lpcre -L/usr/local/Cellar/glew/2.0.0/lib -lGLEW -L/usr/local/lib -lSDL2_image -lSDL2  -L/usr/local/Cellar/libpng/1.6.28/lib -lpng16 >&5
configure:6926: $? = 0
configure:6926: result: yes
configure:6939: checking for IMG_LoadJPG_RW
configure:6939: g++ -o conftest -g -O2 -D_THREAD_SAFE  -D_THREAD_SAFE   -D_THREAD_SAFE  -D_THREAD_SAFE  -I/usr/local/opt/freetype/include/freetype2 -I/usr/local/Cellar/pcre/8.39/include -I/usr/local/Cellar/glew/2.0.0/include -D_THREAD_SAFE -I/usr/local/include/SDL2  -I/usr/local/Cellar/libpng/1.6.28/include/libpng16  conftest.cpp  -framework OpenGL   -L/usr/local/opt/freetype/lib -lfreetype -L/usr/local/Cellar/pcre/8.39/lib -lpcre -L/usr/local/Cellar/glew/2.0.0/lib -lGLEW -L/usr/local/lib -lSDL2_image -lSDL2  -L/usr/local/Cellar/libpng/1.6.28/lib -lpng16 >&5
configure:6939: $? = 0
configure:6939: result: yes
configure:7000: checking for boostlib >= 1.46
configure:7080: g++ -c -g -O2 -D_THREAD_SAFE  -D_THREAD_SAFE   -D_THREAD_SAFE  -D_THREAD_SAFE  -I/usr/local/opt/freetype/include/freetype2 -I/usr/local/Cellar/pcre/8.39/include -I/usr/local/Cellar/glew/2.0.0/include -D_THREAD_SAFE -I/usr/local/include/SDL2  -I/usr/local/Cellar/libpng/1.6.28/include/libpng16 -I/usr/local/include conftest.cpp >&5
configure:7080: $? = 0
configure:7082: result: yes
configure:7231: checking glm/glm.hpp usability
configure:7231: g++ -c -g -O2 -D_THREAD_SAFE  -D_THREAD_SAFE   -D_THREAD_SAFE  -D_THREAD_SAFE  -I/usr/local/opt/freetype/include/freetype2 -I/usr/local/Cellar/pcre/8.39/include -I/usr/local/Cellar/glew/2.0.0/include -D_THREAD_SAFE -I/usr/local/include/SDL2  -I/usr/local/Cellar/libpng/1.6.28/include/libpng16 -I/usr/local/include conftest.cpp >&5
configure:7231: $? = 0
configure:7231: result: yes
configure:7231: checking glm/glm.hpp presence
configure:7231: g++ -E  -D_THREAD_SAFE  -D_THREAD_SAFE  -I/usr/local/opt/freetype/include/freetype2 -I/usr/local/Cellar/pcre/8.39/include -I/usr/local/Cellar/glew/2.0.0/include -D_THREAD_SAFE -I/usr/local/include/SDL2  -I/usr/local/Cellar/libpng/1.6.28/include/libpng16 -I/usr/local/include conftest.cpp
configure:7231: $? = 0
configure:7231: result: yes
configure:7231: checking for glm/glm.hpp
configure:7231: result: yes
configure:7405: checking that generated files are newer than configure
configure:7411: result: done
configure:7442: creating ./config.status

## ---------------------- ##
## Running config.status. ##
## ---------------------- ##

This file was extended by Logstalgia config.status 1.0.6, which was
generated by GNU Autoconf 2.69.  Invocation command line was

  CONFIG_FILES    = 
  CONFIG_HEADERS  = 
  CONFIG_LINKS    = 
  CONFIG_COMMANDS = 
  $ ./config.status 

on Ed.local

config.status:822: creating Makefile
config.status:994: executing depfiles commands

## ---------------- ##
## Cache variables. ##
## ---------------- ##

ac_cv_build=x86_64-apple-darwin16.4.0
ac_cv_c_compiler_gnu=yes
ac_cv_cxx_compiler_gnu=yes
ac_cv_env_CCC_set=
ac_cv_env_CCC_value=
ac_cv_env_CC_set=
ac_cv_env_CC_value=
ac_cv_env_CFLAGS_set=
ac_cv_env_CFLAGS_value=
ac_cv_env_CPPFLAGS_set=
ac_cv_env_CPPFLAGS_value=
ac_cv_env_CPP_set=
ac_cv_env_CPP_value=
ac_cv_env_CXXCPP_set=
ac_cv_env_CXXCPP_value=
ac_cv_env_CXXFLAGS_set=
ac_cv_env_CXXFLAGS_value=
ac_cv_env_CXX_set=
ac_cv_env_CXX_value=
ac_cv_env_FT2_CFLAGS_set=
ac_cv_env_FT2_CFLAGS_value=
ac_cv_env_FT2_LIBS_set=
ac_cv_env_FT2_LIBS_value=
ac_cv_env_GLEW_CFLAGS_set=
ac_cv_env_GLEW_CFLAGS_value=
ac_cv_env_GLEW_LIBS_set=
ac_cv_env_GLEW_LIBS_value=
ac_cv_env_LDFLAGS_set=
ac_cv_env_LDFLAGS_value=
ac_cv_env_LIBS_set=
ac_cv_env_LIBS_value=
ac_cv_env_PCRE_CFLAGS_set=
ac_cv_env_PCRE_CFLAGS_value=
ac_cv_env_PCRE_LIBS_set=
ac_cv_env_PCRE_LIBS_value=
ac_cv_env_PKG_CONFIG_set=
ac_cv_env_PKG_CONFIG_value=
ac_cv_env_PNG_CFLAGS_set=
ac_cv_env_PNG_CFLAGS_value=
ac_cv_env_PNG_LIBS_set=
ac_cv_env_PNG_LIBS_value=
ac_cv_env_SDL2_CFLAGS_set=
ac_cv_env_SDL2_CFLAGS_value=
ac_cv_env_SDL2_LIBS_set=
ac_cv_env_SDL2_LIBS_value=
ac_cv_env_SDL_CFLAGS_set=
ac_cv_env_SDL_CFLAGS_value=
ac_cv_env_SDL_LIBS_set=
ac_cv_env_SDL_LIBS_value=
ac_cv_env_XMKMF_set=
ac_cv_env_XMKMF_value=
ac_cv_env_build_alias_set=
ac_cv_env_build_alias_value=
ac_cv_env_host_alias_set=
ac_cv_env_host_alias_value=
ac_cv_env_target_alias_set=
ac_cv_env_target_alias_value=
ac_cv_func_IMG_LoadJPG_RW=yes
ac_cv_func_IMG_LoadPNG_RW=yes
ac_cv_header_GL_gl_h=no
ac_cv_header_GL_glu_h=no
ac_cv_header_OpenGL_gl_h=yes
ac_cv_header_OpenGL_glu_h=yes
ac_cv_header_glm_glm_hpp=yes
ac_cv_header_inttypes_h=yes
ac_cv_header_memory_h=yes
ac_cv_header_stdc=yes
ac_cv_header_stdint_h=yes
ac_cv_header_stdlib_h=yes
ac_cv_header_string_h=yes
ac_cv_header_strings_h=yes
ac_cv_header_sys_stat_h=yes
ac_cv_header_sys_types_h=yes
ac_cv_header_unistd_h=yes
ac_cv_header_windows_h=no
ac_cv_host=x86_64-apple-darwin16.4.0
ac_cv_objext=o
ac_cv_path_EGREP='/usr/bin/grep -E'
ac_cv_path_GREP=/usr/bin/grep
ac_cv_path_SED=/usr/local/bin/gsed
ac_cv_path_ac_pt_PKG_CONFIG=/usr/local/bin/pkg-config
ac_cv_path_install='/usr/local/bin/ginstall -c'
ac_cv_path_mkdir=/usr/local/bin/gmkdir
ac_cv_prog_AWK=awk
ac_cv_prog_CPP='gcc -E'
ac_cv_prog_CXXCPP='g++ -E'
ac_cv_prog_ac_ct_CC=gcc
ac_cv_prog_ac_ct_CXX=g++
ac_cv_prog_cc_c89=
ac_cv_prog_cc_g=yes
ac_cv_prog_cxx_g=yes
ac_cv_prog_make_make_set=yes
am_cv_CC_dependencies_compiler_type=gcc3
am_cv_CXX_dependencies_compiler_type=gcc3
am_cv_make_support_nested_variables=yes
am_cv_prog_cc_c_o=yes
ax_cv_c_compiler_ms=no
ax_cv_check_gl_libgl='-framework OpenGL'
ax_cv_check_glu_libglu=yes
ax_cv_varargs_glu_tesscb=no
pkg_cv_FT2_CFLAGS=-I/usr/local/opt/freetype/include/freetype2
pkg_cv_FT2_LIBS='-L/usr/local/opt/freetype/lib -lfreetype'
pkg_cv_GLEW_CFLAGS=-I/usr/local/Cellar/glew/2.0.0/include
pkg_cv_GLEW_LIBS='-L/usr/local/Cellar/glew/2.0.0/lib -lGLEW'
pkg_cv_PCRE_CFLAGS=-I/usr/local/Cellar/pcre/8.39/include
pkg_cv_PCRE_LIBS='-L/usr/local/Cellar/pcre/8.39/lib -lpcre'
pkg_cv_PNG_CFLAGS=-I/usr/local/Cellar/libpng/1.6.28/include/libpng16
pkg_cv_PNG_LIBS='-L/usr/local/Cellar/libpng/1.6.28/lib -lpng16'
pkg_cv_SDL2_CFLAGS='-D_THREAD_SAFE -I/usr/local/include/SDL2'
pkg_cv_SDL2_LIBS='-L/usr/local/lib -lSDL2_image -lSDL2'

## ----------------- ##
## Output variables. ##
## ----------------- ##

ACLOCAL='${SHELL} /Users/ed/Desktop/logstalgia-1.0.6/build-aux/missing aclocal-1.14'
AMDEPBACKSLASH='\'
AMDEP_FALSE='#'
AMDEP_TRUE=''
AMTAR='$${TAR-tar}'
AM_BACKSLASH='\'
AM_DEFAULT_V='$(AM_DEFAULT_VERBOSITY)'
AM_DEFAULT_VERBOSITY='1'
AM_V='$(V)'
AUTOCONF='${SHELL} /Users/ed/Desktop/logstalgia-1.0.6/build-aux/missing autoconf'
AUTOHEADER='${SHELL} /Users/ed/Desktop/logstalgia-1.0.6/build-aux/missing autoheader'
AUTOMAKE='${SHELL} /Users/ed/Desktop/logstalgia-1.0.6/build-aux/missing automake-1.14'
AWK='awk'
BOOST_CPPFLAGS='-I/usr/local/include'
BOOST_LDFLAGS='-L/usr/local/lib'
CC='gcc'
CCDEPMODE='depmode=gcc3'
CFLAGS='-g -O2'
CPP='gcc -E'
CPPFLAGS=' -D_THREAD_SAFE  -D_THREAD_SAFE  -I/usr/local/opt/freetype/include/freetype2 -I/usr/local/Cellar/pcre/8.39/include -I/usr/local/Cellar/glew/2.0.0/include -D_THREAD_SAFE -I/usr/local/include/SDL2  -I/usr/local/Cellar/libpng/1.6.28/include/libpng16 -I/usr/local/include'
CXX='g++'
CXXCPP='g++ -E'
CXXDEPMODE='depmode=gcc3'
CXXFLAGS='-g -O2 -D_THREAD_SAFE  -D_THREAD_SAFE '
CYGPATH_W='echo'
DEFS='-DPACKAGE_NAME=\"Logstalgia\" -DPACKAGE_TARNAME=\"logstalgia\" -DPACKAGE_VERSION=\"1.0.6\" -DPACKAGE_STRING=\"Logstalgia\ 1.0.6\" -DPACKAGE_BUGREPORT=\"acaudwell@gmail.com\" -DPACKAGE_URL=\"\" -DPACKAGE=\"logstalgia\" -DVERSION=\"1.0.6\" -DHAVE_PTHREAD=1 -DSTDC_HEADERS=1 -DHAVE_SYS_TYPES_H=1 -DHAVE_SYS_STAT_H=1 -DHAVE_STDLIB_H=1 -DHAVE_STRING_H=1 -DHAVE_MEMORY_H=1 -DHAVE_STRINGS_H=1 -DHAVE_INTTYPES_H=1 -DHAVE_STDINT_H=1 -DHAVE_UNISTD_H=1 -DHAVE_OPENGL_GL_H=1 -DHAVE_OPENGL_GLU_H=1 -DHAVE_IMG_LOADPNG_RW=1 -DHAVE_IMG_LOADJPG_RW=1 -DHAVE_BOOST=/\*\*/'
DEPDIR='.deps'
ECHO_C='\c'
ECHO_N=''
ECHO_T=''
EGREP='/usr/bin/grep -E'
EXEEXT=''
FONTDIR_FALSE=''
FONTDIR_TRUE='#'
FT2_CFLAGS='-I/usr/local/opt/freetype/include/freetype2'
FT2_LIBS='-L/usr/local/opt/freetype/lib -lfreetype'
GLEW_CFLAGS='-I/usr/local/Cellar/glew/2.0.0/include'
GLEW_LIBS='-L/usr/local/Cellar/glew/2.0.0/lib -lGLEW'
GLU_CFLAGS='-D_THREAD_SAFE '
GLU_LIBS=''
GL_CFLAGS='-D_THREAD_SAFE '
GL_LIBS='-framework OpenGL '
GREP='/usr/bin/grep'
INSTALL_DATA='${INSTALL} -m 644'
INSTALL_PROGRAM='${INSTALL}'
INSTALL_SCRIPT='${INSTALL}'
INSTALL_STRIP_PROGRAM='$(install_sh) -c -s'
LDFLAGS=''
LIBOBJS=''
LIBS=' -framework OpenGL   -L/usr/local/opt/freetype/lib -lfreetype -L/usr/local/Cellar/pcre/8.39/lib -lpcre -L/usr/local/Cellar/glew/2.0.0/lib -lGLEW -L/usr/local/lib -lSDL2_image -lSDL2  -L/usr/local/Cellar/libpng/1.6.28/lib -lpng16'
LTLIBOBJS=''
MAKEINFO='${SHELL} /Users/ed/Desktop/logstalgia-1.0.6/build-aux/missing makeinfo'
MKDIR_P='/usr/local/bin/gmkdir -p'
OBJEXT='o'
PACKAGE='logstalgia'
PACKAGE_BUGREPORT='acaudwell@gmail.com'
PACKAGE_NAME='Logstalgia'
PACKAGE_STRING='Logstalgia 1.0.6'
PACKAGE_TARNAME='logstalgia'
PACKAGE_URL=''
PACKAGE_VERSION='1.0.6'
PATH_SEPARATOR=':'
PCRE_CFLAGS='-I/usr/local/Cellar/pcre/8.39/include'
PCRE_LIBS='-L/usr/local/Cellar/pcre/8.39/lib -lpcre'
PKG_CONFIG='/usr/local/bin/pkg-config'
PNG_CFLAGS='-I/usr/local/Cellar/libpng/1.6.28/include/libpng16'
PNG_LIBS='-L/usr/local/Cellar/libpng/1.6.28/lib -lpng16'
PTHREAD_CC='gcc'
PTHREAD_CFLAGS='-D_THREAD_SAFE '
PTHREAD_LIBS=''
SDL2_CFLAGS='-D_THREAD_SAFE -I/usr/local/include/SDL2'
SDL2_LIBS='-L/usr/local/lib -lSDL2_image -lSDL2'
SDL_CFLAGS=''
SDL_LIBS=''
SED='/usr/local/bin/gsed'
SET_MAKE=''
SHELL='/bin/sh'
STRIP=''
VERSION='1.0.6'
XMKMF=''
ac_ct_CC='gcc'
ac_ct_CXX='g++'
am__EXEEXT_FALSE=''
am__EXEEXT_TRUE='#'
am__fastdepCC_FALSE='#'
am__fastdepCC_TRUE=''
am__fastdepCXX_FALSE='#'
am__fastdepCXX_TRUE=''
am__include='include'
am__isrc=''
am__leading_dot='.'
am__nodep='_no'
am__quote=''
am__tar='$${TAR-tar} chof - "$$tardir"'
am__untar='$${TAR-tar} xf -'
ax_pthread_config=''
bindir='${exec_prefix}/bin'
build='x86_64-apple-darwin16.4.0'
build_alias=''
build_cpu='x86_64'
build_os='darwin16.4.0'
build_vendor='apple'
datadir='${datarootdir}'
datarootdir='${prefix}/share'
docdir='${datarootdir}/doc/${PACKAGE_TARNAME}'
dvidir='${docdir}'
exec_prefix='${prefix}'
host='x86_64-apple-darwin16.4.0'
host_alias=''
host_cpu='x86_64'
host_os='darwin16.4.0'
host_vendor='apple'
htmldir='${docdir}'
includedir='${prefix}/include'
infodir='${datarootdir}/info'
install_sh='${SHELL} /Users/ed/Desktop/logstalgia-1.0.6/build-aux/install-sh'
libdir='${exec_prefix}/lib'
libexecdir='${exec_prefix}/libexec'
localedir='${datarootdir}/locale'
localstatedir='${prefix}/var'
mandir='${datarootdir}/man'
mkdir_p='$(MKDIR_P)'
oldincludedir='/usr/include'
pdfdir='${docdir}'
prefix='/usr/local'
program_transform_name='s,x,x,'
psdir='${docdir}'
sbindir='${exec_prefix}/sbin'
sdlappfontdir=''
sharedstatedir='${prefix}/com'
sysconfdir='${prefix}/etc'
target_alias=''

## ----------- ##
## confdefs.h. ##
## ----------- ##

/* confdefs.h */
#define PACKAGE_NAME "Logstalgia"
#define PACKAGE_TARNAME "logstalgia"
#define PACKAGE_VERSION "1.0.6"
#define PACKAGE_STRING "Logstalgia 1.0.6"
#define PACKAGE_BUGREPORT "acaudwell@gmail.com"
#define PACKAGE_URL ""
#define PACKAGE "logstalgia"
#define VERSION "1.0.6"
#define HAVE_PTHREAD 1
#define STDC_HEADERS 1
#define HAVE_SYS_TYPES_H 1
#define HAVE_SYS_STAT_H 1
#define HAVE_STDLIB_H 1
#define HAVE_STRING_H 1
#define HAVE_MEMORY_H 1
#define HAVE_STRINGS_H 1
#define HAVE_INTTYPES_H 1
#define HAVE_STDINT_H 1
#define HAVE_UNISTD_H 1
#define HAVE_OPENGL_GL_H 1
#define HAVE_OPENGL_GLU_H 1
#define HAVE_IMG_LOADPNG_RW 1
#define HAVE_IMG_LOADJPG_RW 1
#define HAVE_BOOST /**/

configure: exit 0
